PRT1
132
343
4 0 41 (496.772000 66 -94.302100 ) (496.772000 66 -36 ) (-90.771700 66 -36 ) (-90.771700 66 -94.302100 ) 
4 0 39 (362 66 -32 ) (70 66 -32 ) (70 66 -36 ) (362 66 -36 ) 
4 0 38 (496.772000 66 -36 ) (496.772000 66 -32 ) (362 66 -32 ) (362 66 -36 ) 
4 0 40 (70 66 -32 ) (-90.771700 66 -32 ) (-90.771700 66 -36 ) (70 66 -36 ) 
4 0 37 (64 66 74 ) (-90.771700 66 74 ) (-90.771700 66 -32 ) (64 66 -32 ) 
4 0 17 (154 66 6 ) (196 66 6 ) (196 66 56 ) (154 66 56 ) 
4 0 16 (274 66 50 ) (274 66 -32 ) (322 66 -32 ) (322 66 50 ) 
4 0 14 (400 66 74 ) (368 66 74 ) (368 66 -32 ) (400 66 -32 ) 
4 0 13 (496.772000 66 -32 ) (496.772000 66 74 ) (400 66 74 ) (400 66 -32 ) 
4 0 10 (270 66 152 ) (70 66 152 ) (70 66 74 ) (270 66 74 ) 
4 0 3 (400 66 152 ) (368 66 152 ) (368 66 74 ) (400 66 74 ) 
4 0 2 (496.772000 66 74 ) (496.772000 66 152 ) (400 66 152 ) (400 66 74 ) 
4 0 12 (70 66 152 ) (-90.771700 66 152 ) (-90.771700 66 74 ) (70 66 74 ) 
4 0 1 (496.772000 66 152 ) (496.772000 66 228.302000 ) (-90.771700 66 228.302000 ) (-90.771700 66 152 ) 
4 1 117 (70 -66 186 ) (64 -66 186 ) (64 -66 152 ) (70 -66 152 ) 
4 1 48 (280 -66 186 ) (70 -66 186 ) (70 -66 152 ) (280 -66 152 ) 
4 1 45 (362 -66 186 ) (280 -66 186 ) (280 -66 152 ) (362 -66 152 ) 
4 1 44 (368 -66 186 ) (362 -66 186 ) (362 -66 152 ) (368 -66 152 ) 
4 1 43 (496.772000 -66 152 ) (496.772000 -66 186 ) (368 -66 186 ) (368 -66 152 ) 
4 1 124 (64 -66 186 ) (-90.771700 -66 186 ) (-90.771700 -66 152 ) (64 -66 152 ) 
4 1 42 (496.772000 -66 186 ) (496.772000 -66 228.302000 ) (-90.771700 -66 228.302000 ) (-90.771700 -66 186 ) 
4 1 11 (362 -66 152 ) (70 -66 152 ) (70 60 152 ) (362 60 152 ) 
4 1 10 (70 60 152 ) (70 66 152 ) (270 66 152 ) (270 60 152 ) 
4 1 6 (362 10 152 ) (362 40 152 ) (368 40 152 ) (368 10 152 ) 
4 1 5 (362 40 152 ) (362 48 152 ) (400 48 152 ) (400 40 152 ) 
4 1 7 (362 2 152 ) (362 10 152 ) (400 10 152 ) (400 2 152 ) 
4 1 4 (362 48 152 ) (362 60 152 ) (368 60 152 ) (368 48 152 ) 
4 1 3 (368 66 152 ) (400 66 152 ) (400 48 152 ) (368 48 152 ) 
4 1 2 (400 66 152 ) (496.772000 66 152 ) (496.772000 2 152 ) (400 2 152 ) 
4 1 9 (496.772000 -66 152 ) (362 -66 152 ) (362 2 152 ) (496.772000 2 152 ) 
4 1 12 (70 -66 152 ) (-90.771700 -66 152 ) (-90.771700 66 152 ) (70 66 152 ) 
4 2 13 (400 66 74 ) (496.772000 66 74 ) (496.772000 2 74 ) (400 2 74 ) 
4 2 5 (400 40 152 ) (400 48 152 ) (400 48 82 ) (400 40 82 ) 
4 2 7 (400 2 82 ) (400 2 152 ) (400 10 152 ) (400 10 82 ) 
4 2 3 (400 66 152 ) (400 66 74 ) (400 48 74 ) (400 48 152 ) 
4 2 9 (400 2 74 ) (496.772000 2 74 ) (496.772000 2 152 ) (400 2 152 ) 
4 3 14 (368 66 74 ) (400 66 74 ) (400 56 74 ) (368 56 74 ) 
4 3 5 (400 48 82 ) (400 48 152 ) (368 48 152 ) (368 48 82 ) 
4 3 4 (368 60 74 ) (368 48 74 ) (368 48 152 ) (368 60 152 ) 
4 4 11 (362 48 80 ) (362 48 152 ) (362 60 152 ) (362 60 80 ) 
4 4 8 (362 48 74 ) (368 48 74 ) (368 48 82 ) (362 48 82 ) 
4 4 5 (368 48 82 ) (368 48 152 ) (362 48 152 ) (362 48 82 ) 
4 5 11 (362 40 152 ) (362 48 152 ) (362 48 82 ) (362 40 82 ) 
4 5 8 (362 40 82 ) (362 48 82 ) (368 48 82 ) (368 40 82 ) 
4 5 6 (362 40 152 ) (362 40 82 ) (368 40 82 ) (368 40 152 ) 
4 6 11 (362 10 152 ) (362 40 152 ) (362 40 82 ) (362 10 82 ) 
4 6 8 (362 10 82 ) (362 40 82 ) (368 40 82 ) (368 10 82 ) 
4 6 7 (368 10 152 ) (362 10 152 ) (362 10 82 ) (368 10 82 ) 
4 7 11 (362 2 82 ) (362 2 152 ) (362 10 152 ) (362 10 82 ) 
4 7 8 (362 2 82 ) (362 10 82 ) (368 10 82 ) (368 2 82 ) 
4 7 9 (400 2 82 ) (400 2 152 ) (362 2 152 ) (362 2 82 ) 
4 8 11 (362 2 80 ) (362 2 82 ) (362 48 82 ) (362 48 80 ) 
4 8 9 (362 2 74 ) (368 2 74 ) (368 2 82 ) (362 2 82 ) 
4 9 44 (368 -66 152 ) (362 -66 152 ) (362 -66 74 ) (368 -66 74 ) 
4 9 43 (496.772000 -66 74 ) (496.772000 -66 152 ) (368 -66 152 ) (368 -66 74 ) 
4 9 15 (496.772000 -6 74 ) (496.772000 -66 74 ) (368 -66 74 ) (368 -6 74 ) 
4 9 13 (496.772000 2 74 ) (496.772000 -6 74 ) (400 -6 74 ) (400 2 74 ) 
4 9 11 (362 -66 80 ) (362 -66 152 ) (362 2 152 ) (362 2 80 ) 
4 10 11 (70 60 152 ) (70 60 80 ) (270 60 80 ) (270 60 152 ) 
4 10 12 (70 66 74 ) (70 60 74 ) (70 60 152 ) (70 66 152 ) 
4 11 48 (280 -66 152 ) (70 -66 152 ) (70 -66 80 ) (280 -66 80 ) 
4 11 45 (362 -66 152 ) (280 -66 152 ) (280 -66 80 ) (362 -66 80 ) 
4 11 12 (70 -66 80 ) (70 -66 152 ) (70 60 152 ) (70 60 80 ) 
4 12 117 (70 -66 152 ) (64 -66 152 ) (64 -66 74 ) (70 -66 74 ) 
4 12 124 (64 -66 152 ) (-90.771700 -66 152 ) (-90.771700 -66 74 ) (64 -66 74 ) 
4 12 37 (-90.771700 66 74 ) (64 66 74 ) (64 -66 74 ) (-90.771700 -66 74 ) 
4 13 38 (400 66 -32 ) (496.772000 66 -32 ) (496.772000 -6 -32 ) (400 -6 -32 ) 
4 13 15 (400 -6 -32 ) (496.772000 -6 -32 ) (496.772000 -6 74 ) (400 -6 74 ) 
4 13 14 (400 66 -32 ) (400 56 -32 ) (400 56 74 ) (400 66 74 ) 
4 14 38 (368 66 -32 ) (400 66 -32 ) (400 56 -32 ) (368 56 -32 ) 
4 15 43 (496.772000 -66 -32 ) (496.772000 -66 74 ) (368 -66 74 ) (368 -66 -32 ) 
4 15 38 (496.772000 -66 -32 ) (368 -66 -32 ) (368 -6 -32 ) (496.772000 -6 -32 ) 
4 16 39 (274 66 -32 ) (322 66 -32 ) (322 60 -32 ) (274 60 -32 ) 
4 16 21 (274 60 -32 ) (322 60 -32 ) (322 60 32 ) (274 60 32 ) 
4 16 19 (322 60 32 ) (322 60 50 ) (274 60 50 ) (274 60 32 ) 
4 17 28 (154 60 6 ) (196 60 6 ) (196 60 32 ) (154 60 32 ) 
4 17 25 (196 60 32 ) (196 60 56 ) (154 60 56 ) (154 60 32 ) 
4 18 50 (362 -66 74 ) (338 -66 74 ) (338 -66 64 ) (362 -66 64 ) 
4 18 19 (338 60 74 ) (338 60 64 ) (338 -66 64 ) (338 -66 74 ) 
4 19 50 (338 -66 74 ) (260 -66 74 ) (260 -66 32 ) (338 -66 32 ) 
4 19 22 (260 60 74 ) (260 60 32 ) (260 32 32 ) (260 32 74 ) 
4 19 29 (260 32 32 ) (260 -66 32 ) (260 -66 74 ) (260 32 74 ) 
4 19 20 (334 60 32 ) (338 60 32 ) (338 -66 32 ) (334 -66 32 ) 
4 19 21 (260 60 32 ) (334 60 32 ) (334 -66 32 ) (260 -66 32 ) 
4 20 50 (362 -66 0 ) (362 -66 32 ) (334 -66 32 ) (334 -66 0 ) 
4 20 21 (334 -66 32 ) (334 60 32 ) (334 60 0 ) (334 -66 0 ) 
4 21 50 (260 -66 32 ) (260 -66 -32 ) (334 -66 -32 ) (334 -66 32 ) 
4 21 28 (260 60 32 ) (260 60 0 ) (260 32 0 ) (260 32 32 ) 
4 21 29 (260 32 -32 ) (260 -66 -32 ) (260 -66 32 ) (260 32 32 ) 
4 22 28 (238 60 32 ) (260 60 32 ) (260 32 32 ) (238 32 32 ) 
4 22 24 (238 36 32 ) (238 32 32 ) (238 32 64 ) (238 36 64 ) 
4 22 23 (238 32 64 ) (238 32 74 ) (238 60 74 ) (238 60 64 ) 
4 22 29 (260 32 32 ) (260 32 74 ) (238 32 74 ) (238 32 32 ) 
4 23 25 (196 60 74 ) (196 60 64 ) (196 32 64 ) (196 32 74 ) 
4 23 24 (238 32 64 ) (196 32 64 ) (196 36 64 ) (238 36 64 ) 
4 23 29 (238 32 74 ) (196 32 74 ) (196 32 64 ) (238 32 64 ) 
4 24 28 (238 36 32 ) (238 32 32 ) (196 32 32 ) (196 36 32 ) 
4 24 25 (196 36 32 ) (196 32 32 ) (196 32 64 ) (196 36 64 ) 
4 24 29 (196 32 64 ) (196 32 32 ) (238 32 32 ) (238 32 64 ) 
4 25 28 (154 60 32 ) (196 60 32 ) (196 32 32 ) (154 32 32 ) 
4 25 27 (154 36 32 ) (154 32 32 ) (154 32 64 ) (154 36 64 ) 
4 25 26 (154 32 64 ) (154 32 74 ) (154 60 74 ) (154 60 64 ) 
4 25 29 (196 32 74 ) (154 32 74 ) (154 32 32 ) (196 32 32 ) 
4 26 30 (112 32 64 ) (112 32 74 ) (112 60 74 ) (112 60 64 ) 
4 26 27 (154 32 64 ) (112 32 64 ) (112 36 64 ) (154 36 64 ) 
4 26 29 (154 32 74 ) (112 32 74 ) (112 32 64 ) (154 32 64 ) 
4 27 32 (112 32 34 ) (112 32 64 ) (112 36 64 ) (112 36 34 ) 
4 27 28 (112 32 32 ) (112 36 32 ) (154 36 32 ) (154 32 32 ) 
4 27 29 (112 32 64 ) (112 32 32 ) (154 32 32 ) (154 32 64 ) 
4 28 33 (112 58 32 ) (112 60 32 ) (112 60 0 ) (112 58 0 ) 
4 28 29 (260 32 0 ) (260 32 32 ) (112 32 32 ) (112 32 0 ) 
4 29 50 (260 -66 74 ) (112 -66 74 ) (112 -66 -32 ) (260 -66 -32 ) 
4 29 32 (112 28 34 ) (112 28 64 ) (112 32 64 ) (112 32 34 ) 
4 29 30 (112 28 64 ) (112 28 74 ) (112 32 74 ) (112 32 64 ) 
4 29 35 (112 28 -32 ) (112 -66 -32 ) (112 -66 74 ) (112 28 74 ) 
4 30 32 (112 28 64 ) (70 28 64 ) (70 36 64 ) (112 36 64 ) 
4 30 35 (112 28 64 ) (112 28 74 ) (70 28 74 ) (70 28 64 ) 
4 31 33 (72 60 34 ) (112 60 34 ) (112 58 34 ) (72 58 34 ) 
4 31 34 (70 36 34 ) (70 60 34 ) (72 60 34 ) (72 36 34 ) 
4 31 32 (70 36 38 ) (70 36 34 ) (112 36 34 ) (112 36 38 ) 
4 32 34 (70 28 34 ) (70 36 34 ) (72 36 34 ) (72 28 34 ) 
4 32 35 (112 28 34 ) (112 28 64 ) (70 28 64 ) (70 28 34 ) 
4 33 34 (72 58 34 ) (72 60 34 ) (72 60 -32 ) (72 58 -32 ) 
4 34 35 (70 28 -32 ) (72 28 -32 ) (72 28 34 ) (70 28 34 ) 
4 35 50 (112 -66 74 ) (70 -66 74 ) (70 -66 -32 ) (112 -66 -32 ) 
4 35 36 (70 6 -32 ) (70 -42 -32 ) (70 -42 50 ) (70 6 50 ) 
4 36 40 (64 -42 -32 ) (64 6 -32 ) (70 6 -32 ) (70 -42 -32 ) 
4 36 37 (64 6 -32 ) (64 -42 -32 ) (64 -42 50 ) (64 6 50 ) 
4 37 124 (64 -66 74 ) (-90.771700 -66 74 ) (-90.771700 -66 -32 ) (64 -66 -32 ) 
4 37 40 (64 -66 -32 ) (-90.771700 -66 -32 ) (-90.771700 66 -32 ) (64 66 -32 ) 
4 38 125 (496.772000 -66 -36 ) (496.772000 -66 -32 ) (362 -66 -32 ) (362 -66 -36 ) 
4 38 41 (362 66 -36 ) (496.772000 66 -36 ) (496.772000 -66 -36 ) (362 -66 -36 ) 
4 38 39 (362 66 -36 ) (362 60 -36 ) (362 60 -32 ) (362 66 -32 ) 
4 39 41 (70 66 -36 ) (362 66 -36 ) (362 60 -36 ) (70 60 -36 ) 
4 39 40 (70 66 -32 ) (70 66 -36 ) (70 60 -36 ) (70 60 -32 ) 
4 40 129 (70 -66 -32 ) (-90.771700 -66 -32 ) (-90.771700 -66 -36 ) (70 -66 -36 ) 
4 40 41 (-90.771700 66 -36 ) (70 66 -36 ) (70 -66 -36 ) (-90.771700 -66 -36 ) 
4 41 130 (496.772000 -66 -94.302100 ) (496.772000 -66 -36 ) (-90.771700 -66 -36 ) (-90.771700 -66 -94.302100 ) 
4 42 131 (496.772000 -422 186 ) (496.772000 -422 228.302000 ) (-90.771700 -422 228.302000 ) (-90.771700 -422 186 ) 
4 42 121 (268 -422 186 ) (64 -422 186 ) (64 -416 186 ) (268 -416 186 ) 
4 42 119 (336 -422 186 ) (268 -422 186 ) (268 -416 186 ) (336 -416 186 ) 
4 42 118 (368 -422 186 ) (336 -422 186 ) (336 -416 186 ) (368 -416 186 ) 
4 42 117 (64 -152 186 ) (64 -66 186 ) (70 -66 186 ) (70 -152 186 ) 
4 42 48 (70 -66 186 ) (280 -66 186 ) (280 -416 186 ) (70 -416 186 ) 
4 42 47 (362 -254 186 ) (362 -416 186 ) (280 -416 186 ) (280 -254 186 ) 
4 42 45 (280 -66 186 ) (362 -66 186 ) (362 -110 186 ) (280 -110 186 ) 
4 42 46 (362 -110 186 ) (362 -254 186 ) (280 -254 186 ) (280 -110 186 ) 
4 42 44 (362 -66 186 ) (368 -66 186 ) (368 -416 186 ) (362 -416 186 ) 
4 42 43 (496.772000 -422 186 ) (368 -422 186 ) (368 -66 186 ) (496.772000 -66 186 ) 
4 42 124 (64 -422 186 ) (-90.771700 -422 186 ) (-90.771700 -66 186 ) (64 -66 186 ) 
4 43 131 (496.772000 -422 -32 ) (496.772000 -422 186 ) (368 -422 186 ) (368 -422 -32 ) 
4 43 125 (368 -66 -32 ) (496.772000 -66 -32 ) (496.772000 -422 -32 ) (368 -422 -32 ) 
4 43 118 (368 -422 74 ) (368 -422 186 ) (368 -416 186 ) (368 -416 74 ) 
4 43 44 (368 -66 186 ) (368 -66 74 ) (368 -416 74 ) (368 -416 186 ) 
4 44 118 (368 -416 74 ) (368 -416 186 ) (362 -416 186 ) (362 -416 74 ) 
4 44 49 (362 -118 74 ) (362 -254 74 ) (362 -254 76 ) (362 -118 76 ) 
4 44 47 (362 -416 80 ) (362 -416 186 ) (362 -254 186 ) (362 -254 80 ) 
4 44 45 (362 -66 186 ) (362 -66 80 ) (362 -110 80 ) (362 -110 186 ) 
4 44 46 (362 -110 76 ) (362 -254 76 ) (362 -254 186 ) (362 -110 186 ) 
4 45 48 (280 -110 186 ) (280 -66 186 ) (280 -66 80 ) (280 -110 80 ) 
4 45 46 (280 -110 186 ) (280 -110 80 ) (362 -110 80 ) (362 -110 186 ) 
4 46 49 (280 -254 76 ) (280 -118 76 ) (362 -118 76 ) (362 -254 76 ) 
4 46 48 (280 -254 186 ) (280 -110 186 ) (280 -110 80 ) (280 -254 80 ) 
4 46 47 (362 -254 80 ) (362 -254 186 ) (280 -254 186 ) (280 -254 80 ) 
4 47 119 (336 -416 186 ) (280 -416 186 ) (280 -416 80 ) (336 -416 80 ) 
4 47 118 (362 -416 80 ) (362 -416 186 ) (336 -416 186 ) (336 -416 80 ) 
4 47 48 (280 -416 80 ) (280 -416 186 ) (280 -254 186 ) (280 -254 80 ) 
4 48 121 (268 -416 186 ) (70 -416 186 ) (70 -416 80 ) (268 -416 80 ) 
4 48 119 (280 -416 186 ) (268 -416 186 ) (268 -416 80 ) (280 -416 80 ) 
4 48 117 (70 -152 186 ) (70 -66 186 ) (70 -66 80 ) (70 -152 80 ) 
4 49 114 (362 -248 74 ) (362 -254 74 ) (280 -254 74 ) (280 -248 74 ) 
4 49 83 (362 -152 74 ) (362 -182 74 ) (280 -182 74 ) (280 -152 74 ) 
4 49 90 (362 -182 74 ) (362 -248 74 ) (280 -248 74 ) (280 -182 74 ) 
4 49 57 (362 -134 74 ) (362 -152 74 ) (280 -152 74 ) (280 -134 74 ) 
4 49 55 (362 -126 74 ) (362 -134 74 ) (280 -134 74 ) (280 -126 74 ) 
4 49 53 (280 -118 74 ) (362 -118 74 ) (362 -126 74 ) (280 -126 74 ) 
4 50 81 (70 -100 74 ) (70 -100 -32 ) (226 -100 -32 ) (226 -100 74 ) 
4 50 80 (226 -100 -32 ) (228 -100 -32 ) (228 -100 0 ) (226 -100 0 ) 
4 50 71 (228 -100 -32 ) (232 -100 -32 ) (232 -100 -3 ) (228 -100 -3 ) 
4 50 68 (316 -100 -32 ) (320 -100 -32 ) (320 -100 -3 ) (316 -100 -3 ) 
4 50 70 (232 -100 -32 ) (316 -100 -32 ) (316 -100 -3 ) (232 -100 -3 ) 
4 50 67 (320 -100 -3 ) (320 -100 0 ) (228 -100 0 ) (228 -100 -3 ) 
4 50 66 (320 -100 -32 ) (322 -100 -32 ) (322 -100 0 ) (320 -100 0 ) 
4 50 65 (322 -100 -32 ) (362 -100 -32 ) (362 -100 2 ) (322 -100 2 ) 
4 50 64 (274 -100 74 ) (226 -100 74 ) (226 -100 2 ) (274 -100 2 ) 
4 50 51 (362 -100 2 ) (362 -100 74 ) (274 -100 74 ) (274 -100 2 ) 
4 51 65 (322 -100 2 ) (362 -100 2 ) (362 -146 2 ) (322 -146 2 ) 
5 51 64 (274 -102 74 ) (274 -100 74 ) (274 -100 2 ) (274 -146 2 ) (274 -146 30 ) 
4 52 54 (280 -118 62 ) (362 -118 62 ) (362 -118 64 ) (280 -118 64 ) 
4 53 55 (280 -126 74 ) (280 -126 70 ) (362 -126 70 ) (362 -126 74 ) 
4 54 56 (280 -126 58 ) (280 -122 58 ) (362 -122 58 ) (362 -126 58 ) 
4 55 57 (362 -134 64 ) (362 -134 74 ) (280 -134 74 ) (280 -134 64 ) 
4 56 59 (280 -134 46 ) (362 -134 46 ) (362 -134 52 ) (280 -134 52 ) 
4 57 83 (362 -152 58 ) (362 -152 74 ) (280 -152 74 ) (280 -152 58 ) 
4 57 63 (280 -152 58 ) (280 -152 74 ) (280 -146 74 ) (280 -146 58 ) 
4 57 58 (362 -142 58 ) (362 -152 58 ) (280 -152 58 ) (280 -142 58 ) 
4 58 83 (362 -152 52 ) (362 -152 58 ) (280 -152 58 ) (280 -152 52 ) 
4 58 63 (280 -152 52 ) (280 -152 58 ) (280 -146 58 ) (280 -146 52 ) 
4 58 60 (362 -152 52 ) (280 -152 52 ) (280 -150 52 ) (362 -150 52 ) 
4 59 61 (362 -142 40 ) (362 -142 46 ) (280 -142 46 ) (280 -142 40 ) 
4 59 62 (280 -142 38 ) (362 -142 38 ) (362 -142 40 ) (280 -142 40 ) 
4 60 83 (362 -152 46 ) (362 -152 52 ) (280 -152 52 ) (280 -152 46 ) 
4 60 63 (280 -152 46 ) (280 -152 52 ) (280 -150 52 ) (280 -150 46 ) 
4 61 63 (280 -150 46 ) (280 -146 46 ) (280 -146 40 ) (280 -150 40 ) 
4 61 62 (280 -150 40 ) (280 -142 40 ) (362 -142 40 ) (362 -150 40 ) 
4 62 84 (362 -152 34 ) (362 -152 40 ) (280 -152 40 ) (280 -152 34 ) 
4 62 63 (280 -152 34 ) (280 -152 40 ) (280 -146 40 ) (280 -146 34 ) 
4 64 81 (226 -146 74 ) (226 -100 74 ) (226 -100 2 ) (226 -146 2 ) 
4 65 66 (322 -100 -32 ) (322 -146 -32 ) (322 -146 0 ) (322 -100 0 ) 
4 66 75 (320 -140 -32 ) (320 -143 -32 ) (320 -143 -3 ) (320 -140 -3 ) 
4 66 76 (320 -143 -32 ) (320 -146 -32 ) (320 -146 -3 ) (320 -143 -3 ) 
4 66 74 (320 -146 -3 ) (320 -146 0 ) (320 -144 0 ) (320 -144 -3 ) 
4 66 73 (320 -106 -32 ) (320 -140 -32 ) (320 -140 -3 ) (320 -106 -3 ) 
4 66 69 (320 -103 -32 ) (320 -106 -32 ) (320 -106 -3 ) (320 -103 -3 ) 
4 66 68 (320 -100 -3 ) (320 -100 -32 ) (320 -103 -32 ) (320 -103 -3 ) 
4 66 67 (320 -100 0 ) (320 -100 -3 ) (320 -102 -3 ) (320 -102 0 ) 
4 67 80 (228 -102 0 ) (228 -100 0 ) (228 -100 -3 ) (228 -102 -3 ) 
4 67 71 (228 -102 -3 ) (228 -100 -3 ) (232 -100 -3 ) (232 -102 -3 ) 
4 67 68 (316 -100 -3 ) (320 -100 -3 ) (320 -102 -3 ) (316 -102 -3 ) 
4 67 70 (232 -100 -3 ) (316 -100 -3 ) (316 -102 -3 ) (232 -102 -3 ) 
4 68 69 (319 -103 -32 ) (320 -103 -32 ) (320 -103 -3 ) (319 -103 -3 ) 
4 68 70 (316 -100 -3 ) (316 -100 -32 ) (316 -103 -32 ) (316 -103 -3 ) 
4 69 73 (319 -106 -32 ) (320 -106 -32 ) (320 -106 -3 ) (319 -106 -3 ) 
4 70 73 (232 -106 -32 ) (316 -106 -32 ) (316 -106 -3 ) (232 -106 -3 ) 
4 70 71 (232 -103 -3 ) (232 -100 -3 ) (232 -100 -32 ) (232 -103 -32 ) 
4 71 80 (228 -100 -32 ) (228 -103 -32 ) (228 -103 -3 ) (228 -100 -3 ) 
4 71 72 (228 -103 -3 ) (228 -103 -32 ) (229 -103 -32 ) (229 -103 -3 ) 
4 72 80 (228 -103 -32 ) (228 -106 -32 ) (228 -106 -3 ) (228 -103 -3 ) 
4 72 73 (228 -106 -32 ) (229 -106 -32 ) (229 -106 -3 ) (228 -106 -3 ) 
4 73 80 (228 -106 -32 ) (228 -140 -32 ) (228 -140 -3 ) (228 -106 -3 ) 
4 73 78 (228 -140 -3 ) (228 -140 -32 ) (229 -140 -32 ) (229 -140 -3 ) 
4 73 77 (232 -140 -32 ) (316 -140 -32 ) (316 -140 -3 ) (232 -140 -3 ) 
4 73 75 (319 -140 -32 ) (320 -140 -32 ) (320 -140 -3 ) (319 -140 -3 ) 
4 74 80 (228 -146 -3 ) (228 -146 0 ) (228 -144 0 ) (228 -144 -3 ) 
4 74 79 (232 -146 -3 ) (228 -146 -3 ) (228 -144 -3 ) (232 -144 -3 ) 
4 74 77 (316 -146 -3 ) (232 -146 -3 ) (232 -144 -3 ) (316 -144 -3 ) 
4 74 76 (320 -146 -3 ) (316 -146 -3 ) (316 -144 -3 ) (320 -144 -3 ) 
4 75 76 (319 -143 -32 ) (320 -143 -32 ) (320 -143 -3 ) (319 -143 -3 ) 
4 76 77 (316 -143 -32 ) (316 -146 -32 ) (316 -146 -3 ) (316 -143 -3 ) 
4 77 79 (232 -143 -32 ) (232 -146 -32 ) (232 -146 -3 ) (232 -143 -3 ) 
4 78 80 (228 -140 -32 ) (228 -143 -32 ) (228 -143 -3 ) (228 -140 -3 ) 
4 78 79 (229 -143 -3 ) (228 -143 -3 ) (228 -143 -32 ) (229 -143 -32 ) 
4 79 80 (228 -143 -32 ) (228 -146 -32 ) (228 -146 -3 ) (228 -143 -3 ) 
4 80 81 (226 -100 -32 ) (226 -146 -32 ) (226 -146 0 ) (226 -100 0 ) 
4 81 82 (108 -146 -32 ) (194 -146 -32 ) (194 -146 50 ) (108 -146 50 ) 
4 82 113 (108 -152 -32 ) (194 -152 -32 ) (194 -152 50 ) (108 -152 50 ) 
4 83 108 (280 -182 74 ) (280 -178 74 ) (280 -178 46 ) (280 -182 46 ) 
4 83 87 (280 -182 46 ) (280 -166 46 ) (362 -166 46 ) (362 -182 46 ) 
4 83 85 (280 -166 46 ) (280 -158 46 ) (362 -158 46 ) (362 -166 46 ) 
4 83 90 (280 -182 74 ) (280 -182 46 ) (362 -182 46 ) (362 -182 74 ) 
4 84 86 (280 -158 34 ) (280 -152 34 ) (362 -152 34 ) (362 -158 34 ) 
4 85 87 (280 -166 46 ) (280 -166 40 ) (362 -166 40 ) (362 -166 46 ) 
4 86 91 (280 -166 22 ) (280 -152 22 ) (362 -152 22 ) (362 -166 22 ) 
4 86 88 (280 -166 28 ) (280 -166 22 ) (362 -166 22 ) (362 -166 28 ) 
5 87 108 (280 -182 34 ) (280 -182 46 ) (280 -178 46 ) (280 -178 34.500000 ) (280 -178.666667 34 ) 
4 87 89 (280 -182 34 ) (280 -174 34 ) (362 -174 34 ) (362 -182 34 ) 
4 87 90 (280 -182 46 ) (280 -182 34 ) (362 -182 34 ) (362 -182 46 ) 
4 88 91 (280 -174 22 ) (280 -166 22 ) (362 -166 22 ) (362 -174 22 ) 
3 89 108 (280 -182 31.500000 ) (280 -182 34 ) (280 -178.666667 34 ) 
4 89 90 (280 -182 34 ) (280 -182 28 ) (362 -182 28 ) (362 -182 34 ) 
4 90 114 (362 -248 22 ) (362 -248 74 ) (280 -248 74 ) (280 -248 22 ) 
5 90 108 (280 -248 22 ) (280 -248 74 ) (280 -182 74 ) (280 -182 31.500000 ) (280 -194.666667 22 ) 
4 90 95 (280 -214 22 ) (280 -198 22 ) (362 -198 22 ) (362 -214 22 ) 
4 90 98 (362 -248 22 ) (280 -248 22 ) (280 -214 22 ) (362 -214 22 ) 
4 90 93 (280 -198 22 ) (280 -190 22 ) (362 -190 22 ) (362 -198 22 ) 
4 91 92 (362 -182 10 ) (362 -182 16 ) (280 -182 16 ) (280 -182 10 ) 
4 91 94 (280 -182 10 ) (280 -152 10 ) (362 -152 10 ) (362 -182 10 ) 
4 92 94 (280 -190 10 ) (280 -182 10 ) (362 -182 10 ) (362 -190 10 ) 
3 93 108 (280 -198 19.500000 ) (280 -198 22 ) (280 -194.666667 22 ) 
4 93 95 (362 -198 16 ) (362 -198 22 ) (280 -198 22 ) (280 -198 16 ) 
4 94 99 (362 -198 -8 ) (362 -198 -2 ) (280 -198 -2 ) (280 -198 -8 ) 
4 94 100 (362 -198 -32 ) (362 -198 -8 ) (280 -198 -8 ) (280 -198 -32 ) 
4 94 96 (362 -198 -2 ) (362 -198 4 ) (280 -198 4 ) (280 -198 -2 ) 
5 95 108 (280 -214 22 ) (280 -198 22 ) (280 -198 19.500000 ) (280 -210.666667 10 ) (280 -214 10 ) 
4 95 97 (280 -214 10 ) (280 -206 10 ) (362 -206 10 ) (362 -214 10 ) 
4 95 98 (362 -214 10 ) (362 -214 22 ) (280 -214 22 ) (280 -214 10 ) 
4 96 99 (280 -206 -2 ) (280 -198 -2 ) (362 -198 -2 ) (362 -206 -2 ) 
3 97 108 (280 -214 7.500000 ) (280 -214 10 ) (280 -210.666667 10 ) 
4 97 98 (362 -214 4 ) (362 -214 10 ) (280 -214 10 ) (280 -214 4 ) 
4 98 114 (362 -248 -2 ) (362 -248 22 ) (280 -248 22 ) (280 -248 -2 ) 
5 98 108 (280 -248 -2 ) (280 -248 22 ) (280 -214 22 ) (280 -214 7.500000 ) (280 -226.666667 -2 ) 
4 98 101 (280 -230 -2 ) (280 -222 -2 ) (362 -222 -2 ) (362 -230 -2 ) 
4 98 102 (362 -248 -2 ) (280 -248 -2 ) (280 -230 -2 ) (362 -230 -2 ) 
4 99 100 (280 -214 -8 ) (280 -198 -8 ) (362 -198 -8 ) (362 -214 -8 ) 
4 100 103 (362 -222 -20 ) (362 -222 -14 ) (280 -222 -14 ) (280 -222 -20 ) 
4 100 104 (362 -222 -32 ) (362 -222 -20 ) (280 -222 -20 ) (280 -222 -32 ) 
3 101 108 (280 -230 -2 ) (280 -226.666667 -2 ) (280 -230 -4.500000 ) 
4 101 102 (362 -230 -8 ) (362 -230 -2 ) (280 -230 -2 ) (280 -230 -8 ) 
4 102 114 (362 -248 -14 ) (362 -248 -2 ) (280 -248 -2 ) (280 -248 -14 ) 
5 102 108 (280 -248 -14 ) (280 -248 -2 ) (280 -230 -2 ) (280 -230 -4.500000 ) (280 -242.666667 -14 ) 
4 102 105 (362 -248 -14 ) (280 -248 -14 ) (280 -238 -14 ) (362 -238 -14 ) 
4 103 104 (280 -230 -20 ) (280 -222 -20 ) (362 -222 -20 ) (362 -230 -20 ) 
4 104 107 (362 -238 -32 ) (362 -238 -26 ) (280 -238 -26 ) (280 -238 -32 ) 
4 105 114 (362 -248 -20 ) (362 -248 -14 ) (280 -248 -14 ) (280 -248 -20 ) 
3 105 108 (280 -248 -18 ) (280 -248 -14 ) (280 -242.666667 -14 ) 
4 105 106 (362 -248 -20 ) (280 -248 -20 ) (280 -246 -20 ) (362 -246 -20 ) 
4 106 114 (362 -248 -26 ) (362 -248 -20 ) (280 -248 -20 ) (280 -248 -26 ) 
4 108 115 (280 -248 -18 ) (280 -248 74 ) (274 -248 74 ) (274 -248 -18 ) 
4 108 109 (274 -248 -18 ) (274 -248 74 ) (274 -178 74 ) (274 -178 34.500000 ) 
4 109 115 (272 -248 -32 ) (274 -248 -32 ) (274 -248 74 ) (272 -248 74 ) 
4 109 111 (272 -152 4 ) (272 -152 -32 ) (272 -158 -32 ) (272 -158 4 ) 
4 109 112 (272 -240 -32 ) (272 -248 -32 ) (272 -248 4 ) (272 -240 4 ) 
4 109 110 (272 -152 74 ) (272 -152 4 ) (272 -248 4 ) (272 -248 74 ) 
4 110 115 (272 -248 4 ) (272 -248 74 ) (242 -248 74 ) (242 -248 4 ) 
4 110 111 (242 -152 4 ) (272 -152 4 ) (272 -158 4 ) (242 -158 4 ) 
4 110 112 (272 -240 4 ) (272 -248 4 ) (242 -248 4 ) (242 -240 4 ) 
4 110 113 (242 -152 74 ) (242 -152 4 ) (242 -248 4 ) (242 -248 74 ) 
4 111 113 (242 -152 4 ) (242 -152 -32 ) (242 -158 -32 ) (242 -158 4 ) 
4 112 115 (242 -248 -32 ) (272 -248 -32 ) (272 -248 4 ) (242 -248 4 ) 
4 112 113 (242 -240 -32 ) (242 -248 -32 ) (242 -248 4 ) (242 -240 4 ) 
4 113 115 (70 -248 -32 ) (242 -248 -32 ) (242 -248 74 ) (70 -248 74 ) 
4 114 115 (280 -248 74 ) (280 -248 -26 ) (280 -254 -26 ) (280 -254 74 ) 
4 114 116 (362 -254 -26 ) (362 -254 74 ) (280 -254 74 ) (280 -254 -26 ) 
4 115 116 (70 -254 -32 ) (280 -254 -32 ) (280 -254 74 ) (70 -254 74 ) 
4 116 123 (164 -416 -14 ) (164 -416 58 ) (96 -416 58 ) (96 -416 -14 ) 
4 116 122 (192 -416 -32 ) (240 -416 -32 ) (240 -416 50 ) (192 -416 50 ) 
4 116 120 (336 -416 -14 ) (336 -416 58 ) (268 -416 58 ) (268 -416 -14 ) 
4 117 124 (64 -152 186 ) (64 -66 186 ) (64 -66 74 ) (64 -152 74 ) 
4 118 131 (368 -422 186 ) (336 -422 186 ) (336 -422 74 ) (368 -422 74 ) 
4 118 119 (336 -422 74 ) (336 -422 186 ) (336 -416 186 ) (336 -416 74 ) 
4 119 131 (336 -422 186 ) (268 -422 186 ) (268 -422 74 ) (336 -422 74 ) 
4 119 121 (268 -416 186 ) (268 -416 74 ) (268 -422 74 ) (268 -422 186 ) 
4 120 131 (268 -422 58 ) (268 -422 -14 ) (336 -422 -14 ) (336 -422 58 ) 
4 121 131 (268 -422 186 ) (64 -422 186 ) (64 -422 74 ) (268 -422 74 ) 
4 121 124 (64 -422 74 ) (64 -422 186 ) (64 -416 186 ) (64 -416 74 ) 
4 122 131 (192 -422 -32 ) (240 -422 -32 ) (240 -422 50 ) (192 -422 50 ) 
4 122 128 (240 -422 -32 ) (192 -422 -32 ) (192 -416 -32 ) (240 -416 -32 ) 
4 123 131 (96 -422 -14 ) (164 -422 -14 ) (164 -422 58 ) (96 -422 58 ) 
4 124 131 (64 -422 186 ) (-90.771700 -422 186 ) (-90.771700 -422 -32 ) (64 -422 -32 ) 
4 124 129 (-90.771700 -66 -32 ) (64 -66 -32 ) (64 -422 -32 ) (-90.771700 -422 -32 ) 
4 125 131 (496.772000 -422 -36 ) (496.772000 -422 -32 ) (362 -422 -32 ) (362 -422 -36 ) 
4 125 130 (496.772000 -422 -36 ) (362 -422 -36 ) (362 -66 -36 ) (496.772000 -66 -36 ) 
4 125 128 (362 -416 -36 ) (362 -422 -36 ) (362 -422 -32 ) (362 -416 -32 ) 
4 125 126 (362 -146 -36 ) (362 -152 -36 ) (362 -152 -32 ) (362 -146 -32 ) 
4 126 130 (362 -146 -36 ) (362 -152 -36 ) (194 -152 -36 ) (194 -146 -36 ) 
4 127 130 (70 -152 -36 ) (70 -146 -36 ) (108 -146 -36 ) (108 -152 -36 ) 
4 127 129 (70 -146 -36 ) (70 -152 -36 ) (70 -152 -32 ) (70 -146 -32 ) 
4 128 131 (362 -422 -32 ) (70 -422 -32 ) (70 -422 -36 ) (362 -422 -36 ) 
4 128 130 (362 -422 -36 ) (70 -422 -36 ) (70 -416 -36 ) (362 -416 -36 ) 
4 128 129 (70 -416 -36 ) (70 -422 -36 ) (70 -422 -32 ) (70 -416 -32 ) 
4 129 131 (70 -422 -32 ) (-90.771700 -422 -32 ) (-90.771700 -422 -36 ) (70 -422 -36 ) 
4 129 130 (70 -422 -36 ) (-90.771700 -422 -36 ) (-90.771700 -66 -36 ) (70 -66 -36 ) 
4 130 131 (496.772000 -422 -94.302100 ) (496.772000 -422 -36 ) (-90.771700 -422 -36 ) (-90.771700 -422 -94.302100 ) 
