PRT1
56
156
4 0 2 (368 40 152 ) (368 166 152 ) (400 166 152 ) (400 40 152 ) 
4 0 1 (400 166 152 ) (554.359000 166 152 ) (554.359000 10 152 ) (400 10 152 ) 
4 0 3 (554.359000 -214 152 ) (368 -214 152 ) (368 10 152 ) (554.359000 10 152 ) 
4 0 4 (368 -214 152 ) (-108.359000 -214 152 ) (-108.359000 166 152 ) (368 166 152 ) 
4 1 5 (400 166 82 ) (554.359000 166 82 ) (554.359000 10 82 ) (400 10 82 ) 
4 1 2 (400 166 82 ) (400 40 82 ) (400 40 152 ) (400 166 152 ) 
4 1 3 (400 10 82 ) (554.359000 10 82 ) (554.359000 10 152 ) (400 10 152 ) 
4 2 6 (368 166 82 ) (400 166 82 ) (400 48 82 ) (368 48 82 ) 
4 2 4 (368 166 82 ) (368 40 82 ) (368 40 152 ) (368 166 152 ) 
4 3 5 (554.359000 10 82 ) (554.359000 2 82 ) (400 2 82 ) (400 10 82 ) 
4 3 7 (554.359000 2 82 ) (554.359000 -214 82 ) (368 -214 82 ) (368 2 82 ) 
4 3 4 (368 10 82 ) (368 -214 82 ) (368 -214 152 ) (368 10 152 ) 
4 4 8 (-108.359000 -214 82 ) (-108.359000 166 82 ) (368 166 82 ) (368 -214 82 ) 
4 5 10 (554.359000 66 74 ) (554.359000 2 74 ) (400 2 74 ) (400 66 74 ) 
4 5 9 (400 166 74 ) (554.359000 166 74 ) (554.359000 66 74 ) (400 66 74 ) 
4 5 6 (400 166 74 ) (400 48 74 ) (400 48 82 ) (400 166 82 ) 
4 5 7 (400 2 74 ) (554.359000 2 74 ) (554.359000 2 82 ) (400 2 82 ) 
4 6 11 (368 56 74 ) (368 66 74 ) (400 66 74 ) (400 56 74 ) 
4 6 9 (368 66 74 ) (368 166 74 ) (400 166 74 ) (400 66 74 ) 
4 6 8 (368 166 74 ) (368 48 74 ) (368 48 82 ) (368 166 82 ) 
4 7 10 (400 2 74 ) (554.359000 2 74 ) (554.359000 -6 74 ) (400 -6 74 ) 
4 7 12 (554.359000 -214 74 ) (368 -214 74 ) (368 -6 74 ) (554.359000 -6 74 ) 
4 7 8 (368 2 74 ) (368 -214 74 ) (368 -214 82 ) (368 2 82 ) 
4 8 55 (64 -214 74 ) (-108.359000 -214 74 ) (-108.359000 166 74 ) (64 166 74 ) 
4 8 54 (368 -214 74 ) (64 -214 74 ) (64 -152 74 ) (368 -152 74 ) 
4 8 34 (322 -146 74 ) (226 -146 74 ) (226 -66 74 ) (322 -66 74 ) 
4 8 33 (362 -66 74 ) (362 -146 74 ) (322 -146 74 ) (322 -66 74 ) 
4 8 51 (226 -146 74 ) (70 -146 74 ) (70 -66 74 ) (226 -66 74 ) 
4 8 27 (70 28 74 ) (70 60 74 ) (112 60 74 ) (112 28 74 ) 
4 8 32 (112 -66 74 ) (70 -66 74 ) (70 28 74 ) (112 28 74 ) 
4 8 23 (112 32 74 ) (112 60 74 ) (154 60 74 ) (154 32 74 ) 
4 8 22 (154 60 74 ) (196 60 74 ) (196 32 74 ) (154 32 74 ) 
4 8 20 (196 60 74 ) (238 60 74 ) (238 32 74 ) (196 32 74 ) 
4 8 19 (238 60 74 ) (260 60 74 ) (260 32 74 ) (238 32 74 ) 
4 8 26 (260 -66 74 ) (112 -66 74 ) (112 32 74 ) (260 32 74 ) 
4 8 15 (362 60 74 ) (362 -66 74 ) (338 -66 74 ) (338 60 74 ) 
4 8 16 (338 -66 74 ) (260 -66 74 ) (260 60 74 ) (338 60 74 ) 
4 8 9 (64 66 74 ) (64 166 74 ) (368 166 74 ) (368 66 74 ) 
4 9 55 (64 66 74 ) (64 166 74 ) (64 166 -32 ) (64 66 -32 ) 
4 9 14 (154 66 6 ) (196 66 6 ) (196 66 56 ) (154 66 56 ) 
4 9 13 (274 66 50 ) (274 66 -32 ) (322 66 -32 ) (322 66 50 ) 
4 9 11 (400 66 74 ) (368 66 74 ) (368 66 -32 ) (400 66 -32 ) 
4 9 10 (554.359000 66 -32 ) (554.359000 66 74 ) (400 66 74 ) (400 66 -32 ) 
4 10 11 (400 56 74 ) (400 66 74 ) (400 66 -32 ) (400 56 -32 ) 
4 10 12 (400 -6 -32 ) (554.359000 -6 -32 ) (554.359000 -6 74 ) (400 -6 74 ) 
4 12 54 (368 -214 -32 ) (368 -214 74 ) (368 -152 74 ) (368 -152 -32 ) 
4 13 18 (274 60 -32 ) (322 60 -32 ) (322 60 32 ) (274 60 32 ) 
4 13 16 (322 60 32 ) (322 60 50 ) (274 60 50 ) (274 60 32 ) 
4 14 25 (154 60 32 ) (154 60 6 ) (196 60 6 ) (196 60 32 ) 
4 14 22 (196 60 56 ) (154 60 56 ) (154 60 32 ) (196 60 32 ) 
4 15 33 (362 -66 64 ) (362 -66 74 ) (338 -66 74 ) (338 -66 64 ) 
4 15 16 (338 60 74 ) (338 60 64 ) (338 -66 64 ) (338 -66 74 ) 
4 16 34 (322 -66 74 ) (260 -66 74 ) (260 -66 32 ) (322 -66 32 ) 
4 16 33 (338 -66 74 ) (322 -66 74 ) (322 -66 32 ) (338 -66 32 ) 
4 16 19 (260 60 74 ) (260 60 32 ) (260 32 32 ) (260 32 74 ) 
4 16 26 (260 32 32 ) (260 -66 32 ) (260 -66 74 ) (260 32 74 ) 
4 16 17 (334 60 32 ) (338 60 32 ) (338 -66 32 ) (334 -66 32 ) 
4 16 18 (260 60 32 ) (334 60 32 ) (334 -66 32 ) (260 -66 32 ) 
4 17 33 (362 -66 0 ) (362 -66 32 ) (334 -66 32 ) (334 -66 0 ) 
4 17 18 (334 -66 0 ) (334 -66 32 ) (334 60 32 ) (334 60 0 ) 
4 18 35 (260 -66 -32 ) (322 -66 -32 ) (322 -66 2 ) (260 -66 2 ) 
4 18 34 (322 -66 2 ) (322 -66 32 ) (260 -66 32 ) (260 -66 2 ) 
4 18 33 (322 -66 -32 ) (334 -66 -32 ) (334 -66 32 ) (322 -66 32 ) 
4 18 25 (260 60 32 ) (260 60 0 ) (260 32 0 ) (260 32 32 ) 
4 18 26 (260 32 -32 ) (260 -66 -32 ) (260 -66 32 ) (260 32 32 ) 
4 19 25 (238 60 32 ) (260 60 32 ) (260 32 32 ) (238 32 32 ) 
4 19 21 (238 36 32 ) (238 32 32 ) (238 32 64 ) (238 36 64 ) 
4 19 20 (238 32 64 ) (238 32 74 ) (238 60 74 ) (238 60 64 ) 
4 19 26 (260 32 32 ) (260 32 74 ) (238 32 74 ) (238 32 32 ) 
4 20 22 (196 60 74 ) (196 60 64 ) (196 32 64 ) (196 32 74 ) 
4 20 21 (238 32 64 ) (196 32 64 ) (196 36 64 ) (238 36 64 ) 
4 20 26 (238 32 74 ) (196 32 74 ) (196 32 64 ) (238 32 64 ) 
4 21 25 (238 36 32 ) (238 32 32 ) (196 32 32 ) (196 36 32 ) 
4 21 22 (196 36 32 ) (196 32 32 ) (196 32 64 ) (196 36 64 ) 
4 21 26 (196 32 64 ) (196 32 32 ) (238 32 32 ) (238 32 64 ) 
4 22 25 (154 60 32 ) (196 60 32 ) (196 32 32 ) (154 32 32 ) 
4 22 24 (154 36 32 ) (154 32 32 ) (154 32 64 ) (154 36 64 ) 
4 22 23 (154 32 64 ) (154 32 74 ) (154 60 74 ) (154 60 64 ) 
4 22 26 (196 32 74 ) (154 32 74 ) (154 32 32 ) (196 32 32 ) 
4 23 27 (112 32 64 ) (112 32 74 ) (112 60 74 ) (112 60 64 ) 
4 23 24 (154 32 64 ) (112 32 64 ) (112 36 64 ) (154 36 64 ) 
4 23 26 (154 32 74 ) (112 32 74 ) (112 32 64 ) (154 32 64 ) 
4 24 29 (112 32 34 ) (112 32 64 ) (112 36 64 ) (112 36 34 ) 
4 24 25 (112 32 32 ) (112 36 32 ) (154 36 32 ) (154 32 32 ) 
4 24 26 (112 32 64 ) (112 32 32 ) (154 32 32 ) (154 32 64 ) 
4 25 30 (112 58 32 ) (112 60 32 ) (112 60 0 ) (112 58 0 ) 
4 25 26 (260 32 0 ) (260 32 32 ) (112 32 32 ) (112 32 0 ) 
4 26 35 (226 -66 -32 ) (260 -66 -32 ) (260 -66 2 ) (226 -66 2 ) 
4 26 34 (260 -66 2 ) (260 -66 74 ) (226 -66 74 ) (226 -66 2 ) 
4 26 51 (112 -66 -32 ) (226 -66 -32 ) (226 -66 74 ) (112 -66 74 ) 
4 26 29 (112 28 34 ) (112 28 64 ) (112 32 64 ) (112 32 34 ) 
4 26 27 (112 28 64 ) (112 28 74 ) (112 32 74 ) (112 32 64 ) 
4 26 32 (112 28 -32 ) (112 -66 -32 ) (112 -66 74 ) (112 28 74 ) 
4 27 29 (112 28 64 ) (70 28 64 ) (70 36 64 ) (112 36 64 ) 
4 27 32 (70 28 74 ) (70 28 64 ) (112 28 64 ) (112 28 74 ) 
4 28 30 (72 60 34 ) (112 60 34 ) (112 58 34 ) (72 58 34 ) 
4 28 31 (70 36 34 ) (70 60 34 ) (72 60 34 ) (72 36 34 ) 
4 28 29 (70 36 38 ) (70 36 34 ) (112 36 34 ) (112 36 38 ) 
4 29 31 (70 28 34 ) (70 36 34 ) (72 36 34 ) (72 28 34 ) 
4 29 32 (70 28 64 ) (70 28 34 ) (112 28 34 ) (112 28 64 ) 
4 30 31 (72 58 34 ) (72 60 34 ) (72 60 -32 ) (72 58 -32 ) 
4 31 32 (70 28 34 ) (70 28 -32 ) (72 28 -32 ) (72 28 34 ) 
4 32 52 (70 6 -32 ) (70 -42 -32 ) (70 -42 50 ) (70 6 50 ) 
4 32 51 (70 -66 74 ) (70 -66 -32 ) (112 -66 -32 ) (112 -66 74 ) 
4 33 49 (322 -144 -32 ) (322 -146 -32 ) (322 -146 0 ) (322 -144 0 ) 
4 33 41 (322 -140 -32 ) (322 -144 -32 ) (322 -144 -3 ) (322 -140 -3 ) 
4 33 40 (322 -106 -32 ) (322 -140 -32 ) (322 -140 -3 ) (322 -106 -3 ) 
4 33 38 (322 -102 -32 ) (322 -106 -32 ) (322 -106 -3 ) (322 -102 -3 ) 
4 33 37 (322 -144 -3 ) (322 -144 0 ) (322 -102 0 ) (322 -102 -3 ) 
4 33 36 (322 -100 -32 ) (322 -102 -32 ) (322 -102 0 ) (322 -100 0 ) 
4 33 35 (322 -66 -32 ) (322 -100 -32 ) (322 -100 2 ) (322 -66 2 ) 
4 33 34 (322 -146 2 ) (322 -146 74 ) (322 -66 74 ) (322 -66 2 ) 
4 34 35 (226 -100 2 ) (226 -66 2 ) (322 -66 2 ) (322 -100 2 ) 
4 34 51 (226 -66 74 ) (226 -66 2 ) (226 -146 2 ) (226 -146 74 ) 
4 35 50 (226 -100 0 ) (226 -100 -32 ) (228 -100 -32 ) (228 -100 0 ) 
4 35 36 (228 -100 -32 ) (322 -100 -32 ) (322 -100 0 ) (228 -100 0 ) 
4 35 51 (226 -66 2 ) (226 -66 -32 ) (226 -100 -32 ) (226 -100 2 ) 
4 36 50 (228 -100 -32 ) (228 -102 -32 ) (228 -102 0 ) (228 -100 0 ) 
4 36 44 (229 -102 -32 ) (232 -102 -32 ) (232 -102 -3 ) (229 -102 -3 ) 
4 36 45 (228 -102 -32 ) (229 -102 -32 ) (229 -102 -3 ) (228 -102 -3 ) 
4 36 43 (232 -102 -32 ) (316 -102 -32 ) (316 -102 -3 ) (232 -102 -3 ) 
4 36 39 (316 -102 -32 ) (319 -102 -32 ) (319 -102 -3 ) (316 -102 -3 ) 
4 36 38 (319 -102 -32 ) (322 -102 -32 ) (322 -102 -3 ) (319 -102 -3 ) 
4 36 37 (322 -102 -3 ) (322 -102 0 ) (320 -102 0 ) (320 -102 -3 ) 
4 37 49 (322 -144 -3 ) (322 -144 0 ) (320 -144 0 ) (320 -144 -3 ) 
4 37 41 (322 -144 -3 ) (320 -144 -3 ) (320 -140 -3 ) (322 -140 -3 ) 
4 37 40 (320 -140 -3 ) (320 -106 -3 ) (322 -106 -3 ) (322 -140 -3 ) 
4 37 38 (320 -106 -3 ) (320 -102 -3 ) (322 -102 -3 ) (322 -106 -3 ) 
4 38 40 (322 -106 -32 ) (322 -106 -3 ) (319 -106 -3 ) (319 -106 -32 ) 
4 38 39 (319 -102 -3 ) (319 -102 -32 ) (319 -103 -32 ) (319 -103 -3 ) 
4 39 43 (316 -102 -32 ) (316 -103 -32 ) (316 -103 -3 ) (316 -102 -3 ) 
4 40 43 (316 -106 -32 ) (316 -140 -32 ) (316 -140 -3 ) (316 -106 -3 ) 
4 40 41 (319 -140 -32 ) (322 -140 -32 ) (322 -140 -3 ) (319 -140 -3 ) 
4 41 49 (319 -144 -32 ) (322 -144 -32 ) (322 -144 -3 ) (319 -144 -3 ) 
4 41 42 (319 -143 -32 ) (319 -144 -32 ) (319 -144 -3 ) (319 -143 -3 ) 
4 42 49 (316 -144 -32 ) (319 -144 -32 ) (319 -144 -3 ) (316 -144 -3 ) 
4 42 43 (316 -143 -32 ) (316 -144 -32 ) (316 -144 -3 ) (316 -143 -3 ) 
4 43 49 (232 -144 -32 ) (316 -144 -32 ) (316 -144 -3 ) (232 -144 -3 ) 
4 43 48 (232 -143 -32 ) (232 -144 -32 ) (232 -144 -3 ) (232 -143 -3 ) 
4 43 46 (232 -106 -32 ) (232 -140 -32 ) (232 -140 -3 ) (232 -106 -3 ) 
4 43 44 (232 -102 -3 ) (232 -102 -32 ) (232 -103 -32 ) (232 -103 -3 ) 
4 44 45 (229 -102 -3 ) (229 -102 -32 ) (229 -103 -32 ) (229 -103 -3 ) 
4 45 50 (228 -102 -32 ) (228 -106 -32 ) (228 -106 -3 ) (228 -102 -3 ) 
4 45 46 (228 -106 -32 ) (229 -106 -32 ) (229 -106 -3 ) (228 -106 -3 ) 
4 46 50 (228 -106 -32 ) (228 -140 -32 ) (228 -140 -3 ) (228 -106 -3 ) 
4 46 47 (228 -140 -3 ) (228 -140 -32 ) (229 -140 -32 ) (229 -140 -3 ) 
4 47 50 (228 -140 -32 ) (228 -143 -32 ) (228 -143 -3 ) (228 -140 -3 ) 
4 47 48 (228 -143 -3 ) (228 -143 -32 ) (229 -143 -32 ) (229 -143 -3 ) 
4 48 50 (228 -143 -32 ) (228 -144 -32 ) (228 -144 -3 ) (228 -143 -3 ) 
4 48 49 (228 -144 -3 ) (228 -144 -32 ) (232 -144 -32 ) (232 -144 -3 ) 
4 49 50 (228 -144 -32 ) (228 -146 -32 ) (228 -146 0 ) (228 -144 0 ) 
4 50 51 (226 -100 -32 ) (226 -146 -32 ) (226 -146 0 ) (226 -100 0 ) 
4 51 53 (108 -146 -32 ) (194 -146 -32 ) (194 -146 50 ) (108 -146 50 ) 
4 52 55 (64 6 -32 ) (64 -42 -32 ) (64 -42 50 ) (64 6 50 ) 
4 53 54 (108 -152 50 ) (108 -152 -32 ) (194 -152 -32 ) (194 -152 50 ) 
4 54 55 (64 -214 74 ) (64 -152 74 ) (64 -152 -32 ) (64 -214 -32 ) 
